<?xml version="1.0" encoding="UTF-8"?>
<coverage generated="1623980489999" clover="3.2.0">
  <project timestamp="1623980489999" name="All files">
    <metrics statements="20" coveredstatements="19" conditionals="0" coveredconditionals="0" methods="7" coveredmethods="6" elements="27" coveredelements="25" complexity="0" loc="20" ncloc="20" packages="3" files="5" classes="5">
      <package name="src">
        <metrics statements="8" coveredstatements="7" conditionals="0" coveredconditionals="0" methods="2" coveredmethods="1"/>
        <file name="app.js" path="/home/robsonrocha/projects/curso-udemy/node-teste-unitario/projeto-curso/seubarriga/src/app.js">
          <metrics statements="6" coveredstatements="6" conditionals="0" coveredconditionals="0" methods="1" coveredmethods="1"/>
          <line num="1" count="2" type="stmt"/>
          <line num="2" count="2" type="stmt"/>
          <line num="4" count="2" type="stmt"/>
          <line num="10" count="2" type="stmt"/>
          <line num="11" count="1" type="stmt"/>
          <line num="16" count="2" type="stmt"/>
        </file>
        <file name="service.js" path="/home/robsonrocha/projects/curso-udemy/node-teste-unitario/projeto-curso/seubarriga/src/service.js">
          <metrics statements="2" coveredstatements="1" conditionals="0" coveredconditionals="0" methods="1" coveredmethods="0"/>
          <line num="2" count="1" type="stmt"/>
          <line num="3" count="0" type="stmt"/>
        </file>
      </package>
      <package name="src.config">
        <metrics statements="5" coveredstatements="5" conditionals="0" coveredconditionals="0" methods="2" coveredmethods="2"/>
        <file name="middlewares.js" path="/home/robsonrocha/projects/curso-udemy/node-teste-unitario/projeto-curso/seubarriga/src/config/middlewares.js">
          <metrics statements="3" coveredstatements="3" conditionals="0" coveredconditionals="0" methods="1" coveredmethods="1"/>
          <line num="1" count="2" type="stmt"/>
          <line num="3" count="2" type="stmt"/>
          <line num="4" count="2" type="stmt"/>
        </file>
        <file name="routes.js" path="/home/robsonrocha/projects/curso-udemy/node-teste-unitario/projeto-curso/seubarriga/src/config/routes.js">
          <metrics statements="2" coveredstatements="2" conditionals="0" coveredconditionals="0" methods="1" coveredmethods="1"/>
          <line num="1" count="2" type="stmt"/>
          <line num="2" count="2" type="stmt"/>
        </file>
      </package>
      <package name="src.routes">
        <metrics statements="7" coveredstatements="7" conditionals="0" coveredconditionals="0" methods="3" coveredmethods="3"/>
        <file name="users.js" path="/home/robsonrocha/projects/curso-udemy/node-teste-unitario/projeto-curso/seubarriga/src/routes/users.js">
          <metrics statements="7" coveredstatements="7" conditionals="0" coveredconditionals="0" methods="3" coveredmethods="3"/>
          <line num="1" count="2" type="stmt"/>
          <line num="3" count="2" type="stmt"/>
          <line num="4" count="1" type="stmt"/>
          <line num="7" count="1" type="stmt"/>
          <line num="10" count="2" type="stmt"/>
          <line num="11" count="1" type="stmt"/>
          <line num="14" count="2" type="stmt"/>
        </file>
      </package>
    </metrics>
  </project>
</coverage>
