TN:
SF:/home/robsonrocha/projects/curso-udemy/node-teste-unitario/projeto-curso/seubarriga/src/app.js
FN:10,(anonymous_0)
FNF:1
FNH:1
FNDA:1,(anonymous_0)
DA:1,2
DA:2,2
DA:4,2
DA:10,2
DA:11,1
DA:16,2
LF:6
LH:6
BRF:0
BRH:0
end_of_record
TN:
SF:/home/robsonrocha/projects/curso-udemy/node-teste-unitario/projeto-curso/seubarriga/src/service.js
FN:3,(anonymous_0)
FNF:1
FNH:0
FNDA:0,(anonymous_0)
DA:2,1
DA:3,0
LF:2
LH:1
BRF:0
BRH:0
end_of_record
TN:
SF:/home/robsonrocha/projects/curso-udemy/node-teste-unitario/projeto-curso/seubarriga/src/config/middlewares.js
FN:3,(anonymous_0)
FNF:1
FNH:1
FNDA:2,(anonymous_0)
DA:1,2
DA:3,2
DA:4,2
LF:3
LH:3
BRF:0
BRH:0
end_of_record
TN:
SF:/home/robsonrocha/projects/curso-udemy/node-teste-unitario/projeto-curso/seubarriga/src/config/routes.js
FN:1,(anonymous_0)
FNF:1
FNH:1
FNDA:2,(anonymous_0)
DA:1,2
DA:2,2
LF:2
LH:2
BRF:0
BRH:0
end_of_record
TN:
SF:/home/robsonrocha/projects/curso-udemy/node-teste-unitario/projeto-curso/seubarriga/src/routes/users.js
FN:1,(anonymous_0)
FN:3,(anonymous_1)
FN:10,(anonymous_2)
FNF:3
FNH:3
FNDA:2,(anonymous_0)
FNDA:1,(anonymous_1)
FNDA:1,(anonymous_2)
DA:1,2
DA:3,2
DA:4,1
DA:7,1
DA:10,2
DA:11,1
DA:14,2
LF:7
LH:7
BRF:0
BRH:0
end_of_record
